Build started 02-06-2019 02:51:57.
     1>Project "C:\Users\SHAIK FAYAZ\Documents\Visual Studio 2013\Projects\CompilerIncludingFileSystem\CompilerIncludingFileSystem\CompilerIncludingFileSystem.vcxproj" on node 2 (Build target(s)).
     1>ClCompile:
         C:\Program Files (x86)\Microsoft Visual Studio 12.0\VC\bin\CL.exe /c /ZI /nologo /W3 /WX- /sdl /Od /Oy- /D WIN32 /D _DEBUG /D _CONSOLE /D _LIB /D _UNICODE /D UNICODE /Gm /EHsc /RTC1 /MDd /GS /fp:precise /Zc:wchar_t /Zc:forScope /Yu"stdafx.h" /Fp"Debug\CompilerIncludingFileSystem.pch" /Fo"Debug\\" /Fd"Debug\vc120.pdb" /Gd /TP /analyze- /errorReport:prompt Opcode_operations.cpp
         Opcode_operations.cpp
     1>c:\users\shaik fayaz\documents\visual studio 2013\projects\compilerincludingfilesystem\compilerincludingfilesystem\opcode_operations.cpp(136): warning C4715: 'get_operator_index' : not all control paths return a value
       Link:
         C:\Program Files (x86)\Microsoft Visual Studio 12.0\VC\bin\link.exe /ERRORREPORT:PROMPT /OUT:"C:\Users\SHAIK FAYAZ\Documents\Visual Studio 2013\Projects\CompilerIncludingFileSystem\Debug\CompilerIncludingFileSystem.exe" /INCREMENTAL /NOLOGO kernel32.lib user32.lib gdi32.lib winspool.lib comdlg32.lib advapi32.lib shell32.lib ole32.lib oleaut32.lib uuid.lib odbc32.lib odbccp32.lib /MANIFEST /MANIFESTUAC:"level='asInvoker' uiAccess='false'" /manifest:embed /DEBUG /PDB:"C:\Users\SHAIK FAYAZ\Documents\Visual Studio 2013\Projects\CompilerIncludingFileSystem\Debug\CompilerIncludingFileSystem.pdb" /SUBSYSTEM:CONSOLE /TLBID:1 /DYNAMICBASE /NXCOMPAT /IMPLIB:"C:\Users\SHAIK FAYAZ\Documents\Visual Studio 2013\Projects\CompilerIncludingFileSystem\Debug\CompilerIncludingFileSystem.lib" /MACHINE:X86 Debug\AccessBlocks.obj
         Debug\CompilerIncludingFileSystem.obj
         Debug\copyFromDisk.obj
         Debug\copyToDisk.obj
         Debug\Delete_file.obj
         Debug\file_processors.obj
         Debug\Function_Declarations.obj
         Debug\IntermediateCodeInitializers.obj
         Debug\Opcode_operations.obj
         Debug\stdafx.obj
         Debug\Structures.obj
         Debug\Tokenization.obj
         CompilerIncludingFileSystem.vcxproj -> C:\Users\SHAIK FAYAZ\Documents\Visual Studio 2013\Projects\CompilerIncludingFileSystem\Debug\CompilerIncludingFileSystem.exe
     1>Done Building Project "C:\Users\SHAIK FAYAZ\Documents\Visual Studio 2013\Projects\CompilerIncludingFileSystem\CompilerIncludingFileSystem\CompilerIncludingFileSystem.vcxproj" (Build target(s)).

Build succeeded.

Time Elapsed 00:00:01.45
